<?xml version="1.0" encoding="UTF-8"?>
<!-- Generated by org.testng.reporters.JUnitReportReporter -->
<testsuite hostname="DESKTOP-7S7LCUO" failures="0" tests="1" name="assertionsTest.Assertions1" time="6.082" errors="0" timestamp="2024-06-30T10:25:09 IST" skipped="0">
  <testcase classname="assertionsTest.Assertions1" name="getListOfUser" time="6.082"/>
</testsuite> <!-- assertionsTest.Assertions1 -->
