<?xml version="1.0" encoding="UTF-8"?>
<!-- Generated by org.testng.reporters.JUnitReportReporter -->
<testsuite hostname="DESKTOP-7S7LCUO" failures="0" tests="1" name="parsingData.Parsing2" time="3.339" errors="0" timestamp="2024-07-07T09:59:53 IST" skipped="0">
  <testcase classname="parsingData.Parsing2" name="findParticularRecord2" time="3.339"/>
</testsuite> <!-- parsingData.Parsing2 -->
