<?xml version="1.0" encoding="UTF-8"?>
<!-- Generated by org.testng.reporters.JUnitReportReporter -->
<testsuite hostname="DESKTOP-7S7LCUO" failures="0" tests="1" name="parsingData.Parse" time="4.861" errors="0" timestamp="2024-07-06T11:29:27 IST" skipped="0">
  <testcase classname="parsingData.Parse" name="traverseRecord3" time="4.861"/>
</testsuite> <!-- parsingData.Parse -->
