<?xml version="1.0" encoding="UTF-8"?>
<!-- Generated by org.testng.reporters.JUnitReportReporter -->
<testsuite hostname="DESKTOP-7S7LCUO" failures="0" tests="1" name="extractPath.ExtractData" time="2.984" errors="0" timestamp="2024-06-30T00:23:17 IST" skipped="0">
  <testcase classname="extractPath.ExtractData" name="test1" time="2.984"/>
</testsuite> <!-- extractPath.ExtractData -->
