<?xml version="1.0" encoding="UTF-8"?>
<!-- Generated by org.testng.reporters.JUnitReportReporter -->
<testsuite hostname="DESKTOP-7S7LCUO" failures="0" tests="1" name="randomData.FakerLib" time="0.599" errors="0" timestamp="2024-07-14T10:03:21 IST" skipped="0">
  <testcase classname="randomData.FakerLib" name="generateFakerLib" time="0.599"/>
</testsuite> <!-- randomData.FakerLib -->
