<?xml version="1.0" encoding="UTF-8"?>
<!-- Generated by org.testng.reporters.JUnitReportReporter -->
<testsuite hostname="DESKTOP-7S7LCUO" failures="0" tests="1" name="payloads.JsonObjectPayload" time="2.683" errors="0" timestamp="2024-06-29T22:35:18 IST" skipped="0">
  <testcase classname="payloads.JsonObjectPayload" name="payLoadJsonObj" time="2.683"/>
</testsuite> <!-- payloads.JsonObjectPayload -->
