<?xml version="1.0" encoding="UTF-8"?>
<!-- Generated by org.testng.reporters.JUnitReportReporter -->
<testsuite hostname="DESKTOP-7S7LCUO" failures="0" tests="1" name="payloads.Pojo" time="4.632" errors="0" timestamp="2024-06-30T09:43:08 IST" skipped="0">
  <testcase classname="payloads.Pojo" name="PojoMethod" time="4.632"/>
</testsuite> <!-- payloads.Pojo -->
