<?xml version="1.0" encoding="UTF-8"?>
<!-- Generated by org.testng.reporters.JUnitReportReporter -->
<testsuite hostname="DESKTOP-7S7LCUO" failures="0" tests="1" name="api.chaning.qa.ReadData" time="0.349" errors="0" timestamp="2024-07-14T11:13:40 IST" skipped="0">
  <testcase classname="api.chaning.qa.ReadData" name="readData" time="0.349"/>
</testsuite> <!-- api.chaning.qa.ReadData -->
