<?xml version="1.0" encoding="UTF-8"?>
<!-- Generated by org.testng.reporters.JUnitReportReporter -->
<testsuite hostname="DESKTOP-7S7LCUO" failures="0" tests="1" name="parameters.Params" time="0.650" errors="0" timestamp="2024-07-07T11:08:22 IST" skipped="0">
  <testcase classname="parameters.Params" name="understandParam" time="0.650"/>
</testsuite> <!-- parameters.Params -->
