<?xml version="1.0" encoding="UTF-8"?>
<!-- Generated by org.testng.reporters.JUnitReportReporter -->
<testsuite hostname="DESKTOP-7S7LCUO" failures="0" tests="1" name="headers.Cookies" time="4.287" errors="0" timestamp="2024-06-30T11:44:18 IST" skipped="0">
  <testcase classname="headers.Cookies" name="getCookie" time="4.287"/>
</testsuite> <!-- headers.Cookies -->
