<?xml version="1.0" encoding="UTF-8"?>
<!-- Generated by org.testng.reporters.JUnitReportReporter -->
<testsuite hostname="DESKTOP-7S7LCUO" failures="0" tests="1" name="assertionsTest.HamcrestAssert" time="4.935" errors="0" timestamp="2024-06-30T10:41:53 IST" skipped="0">
  <testcase classname="assertionsTest.HamcrestAssert" name="test1" time="4.935"/>
</testsuite> <!-- assertionsTest.HamcrestAssert -->
