<?xml version="1.0" encoding="UTF-8"?>
<!-- Generated by org.testng.reporters.JUnitReportReporter -->
<testsuite hostname="DESKTOP-7S7LCUO" failures="0" tests="1" name="payloads.JsonObjectData" time="4.218" errors="0" timestamp="2024-06-30T09:31:36 IST" skipped="0">
  <testcase classname="payloads.JsonObjectData" name="josnObjectData" time="4.218"/>
</testsuite> <!-- payloads.JsonObjectData -->
