<?xml version="1.0" encoding="UTF-8"?>
<!-- Generated by org.testng.reporters.JUnitReportReporter -->
<testsuite hostname="DESKTOP-7S7LCUO" failures="0" tests="1" name="basics.PostMethodUnderstaing" time="6.047" errors="0" timestamp="2024-06-29T11:39:32 IST" skipped="0">
  <testcase classname="basics.PostMethodUnderstaing" name="postUnder" time="6.047"/>
</testsuite> <!-- basics.PostMethodUnderstaing -->
