<?xml version="1.0" encoding="UTF-8"?>
<!-- Generated by org.testng.reporters.JUnitReportReporter -->
<testsuite hostname="DESKTOP-7S7LCUO" failures="0" tests="4" name="api.chaning.qa.Crud" time="0.024" errors="0" timestamp="2024-07-14T10:52:04 IST" skipped="0">
  <testcase classname="api.chaning.qa.Crud" name="createUser" time="0.013"/>
  <testcase classname="api.chaning.qa.Crud" name="readData" time="0.004"/>
  <testcase classname="api.chaning.qa.Crud" name="updateData" time="0.003"/>
  <testcase classname="api.chaning.qa.Crud" name="deleteTheData" time="0.004"/>
</testsuite> <!-- api.chaning.qa.Crud -->
