<?xml version="1.0" encoding="UTF-8"?>
<!-- Generated by org.testng.reporters.JUnitReportReporter -->
<testsuite hostname="DESKTOP-7S7LCUO" failures="0" tests="1" name="payloads.ExternalJosnFile" time="4.464" errors="0" timestamp="2024-06-30T10:00:33 IST" skipped="0">
  <testcase classname="payloads.ExternalJosnFile" name="ExternalJosnReader" time="4.464"/>
</testsuite> <!-- payloads.ExternalJosnFile -->
