<?xml version="1.0" encoding="UTF-8"?>
<!-- Generated by org.testng.reporters.JUnitReportReporter -->
<testsuite hostname="DESKTOP-7S7LCUO" failures="0" tests="1" name="basics.DeleteReq" time="5.270" errors="0" timestamp="2024-06-29T11:34:04 IST" skipped="0">
  <testcase classname="basics.DeleteReq" name="deleteRec" time="5.270"/>
</testsuite> <!-- basics.DeleteReq -->
