<?xml version="1.0" encoding="UTF-8"?>
<!-- Generated by org.testng.reporters.JUnitReportReporter -->
<testsuite hostname="DESKTOP-7S7LCUO" failures="0" tests="1" name="payloads.ExternalJson" time="3.682" errors="0" timestamp="2024-06-29T23:48:08 IST" skipped="0">
  <testcase classname="payloads.ExternalJson" name="readExternal" time="3.682"/>
</testsuite> <!-- payloads.ExternalJson -->
