<?xml version="1.0" encoding="UTF-8"?>
<!-- Generated by org.testng.reporters.JUnitReportReporter -->
<testsuite hostname="DESKTOP-7S7LCUO" failures="0" tests="1" name="api.chaning.qa.CreateData" time="6.163" errors="0" timestamp="2024-07-14T11:13:40 IST" skipped="0">
  <testcase classname="api.chaning.qa.CreateData" name="createData" time="6.163"/>
</testsuite> <!-- api.chaning.qa.CreateData -->
