<?xml version="1.0" encoding="UTF-8"?>
<!-- Generated by org.testng.reporters.JUnitReportReporter -->
<testsuite hostname="DESKTOP-7S7LCUO" failures="0" tests="1" name="schemaValid.SchemaValidations1" time="5.141" errors="0" timestamp="2024-07-07T10:18:09 IST" skipped="0">
  <testcase classname="schemaValid.SchemaValidations1" name="validationSchema" time="5.141"/>
</testsuite> <!-- schemaValid.SchemaValidations1 -->
