<?xml version="1.0" encoding="UTF-8"?>
<!-- Generated by org.testng.reporters.JUnitReportReporter -->
<testsuite hostname="DESKTOP-7S7LCUO" failures="0" tests="1" name="basics.PutResquest" time="5.745" errors="0" timestamp="2024-06-29T11:31:21 IST" skipped="0">
  <testcase classname="basics.PutResquest" name="postUnder" time="5.745"/>
</testsuite> <!-- basics.PutResquest -->
