<?xml version="1.0" encoding="UTF-8"?>
<!-- Generated by org.testng.reporters.JUnitReportReporter -->
<testsuite hostname="DESKTOP-7S7LCUO" failures="0" tests="1" name="auth.Authentications" time="4.763" errors="0" timestamp="2024-07-07T11:47:44 IST" skipped="0">
  <testcase classname="auth.Authentications" name="Tokenauth" time="4.763"/>
</testsuite> <!-- auth.Authentications -->
