<?xml version="1.0" encoding="UTF-8"?>
<!-- Generated by org.testng.reporters.JUnitReportReporter -->
<testsuite hostname="DESKTOP-7S7LCUO" failures="0" tests="1" name="headers.Get_Headers" time="4.367" errors="0" timestamp="2024-06-30T11:12:53 IST" skipped="0">
  <testcase classname="headers.Get_Headers" name="getAllHeader" time="4.367"/>
</testsuite> <!-- headers.Get_Headers -->
