<?xml version="1.0" encoding="UTF-8"?>
<!-- Generated by org.testng.reporters.JUnitReportReporter -->
<testsuite hostname="DESKTOP-7S7LCUO" failures="0" tests="1" name="schemaValidation.JsonSchemaValidation" time="3.167" errors="0" timestamp="2024-07-07T00:53:35 IST" skipped="0">
  <testcase classname="schemaValidation.JsonSchemaValidation" name="oauth" time="3.167"/>
</testsuite> <!-- schemaValidation.JsonSchemaValidation -->
