<?xml version="1.0" encoding="UTF-8"?>
<!-- Generated by org.testng.reporters.JUnitReportReporter -->
<testsuite hostname="DESKTOP-7S7LCUO" failures="0" tests="1" name="parameters.Params" time="5.468" errors="0" timestamp="2024-07-06T09:37:11 IST" skipped="0">
  <testcase classname="parameters.Params" name="understandParam" time="5.468"/>
</testsuite> <!-- parameters.Params -->
