<?xml version="1.0" encoding="UTF-8"?>
<!-- Generated by org.testng.reporters.JUnitReportReporter -->
<testsuite hostname="DESKTOP-7S7LCUO" failures="0" tests="1" name="parsing.JsonParse" time="3.106" errors="0" timestamp="2024-07-06T01:50:59 IST" skipped="0">
  <testcase classname="parsing.JsonParse" name="validateJsonSchema" time="3.106"/>
</testsuite> <!-- parsing.JsonParse -->
